#
# There is insufficient memory for the Java Runtime Environment to continue.
# Native memory allocation (malloc) failed to allocate 32784 bytes for Chunk::new
# Possible reasons:
#   The system is out of physical RAM or swap space
#   In 32 bit mode, the process size limit was hit
# Possible solutions:
#   Reduce memory load on the system
#   Increase physical memory or swap space
#   Check if swap backing store is full
#   Use 64 bit Java on a 64 bit OS
#   Decrease Java heap size (-Xmx/-Xms)
#   Decrease number of Java threads
#   Decrease Java thread stack sizes (-Xss)
#   Set larger code cache with -XX:ReservedCodeCacheSize=
# This output file may be truncated or incomplete.
#
#  Out of Memory Error (allocation.cpp:388), pid=9740, tid=10000
#
# JRE version: Java(TM) SE Runtime Environment (8.0_05-b13) (build 1.8.0_05-b13)
# Java VM: Java HotSpot(TM) 64-Bit Server VM (25.5-b02 mixed mode windows-amd64 compressed oops)
# Failed to write core dump. Minidumps are not enabled by default on client versions of Windows
#

---------------  T H R E A D  ---------------

Current thread (0x0000000056129000):  JavaThread "C2 CompilerThread0" daemon [_thread_in_native, id=10000, stack(0x0000000056890000,0x0000000056990000)]

Stack: [0x0000000056890000,0x0000000056990000]
Native frames: (J=compiled Java code, j=interpreted, Vv=VM code, C=native code)
V  [jvm.dll+0x308dea]


Current CompileTask:
C2:  28894 1630       4       com.android.dx.rop.code.Rops::ropFor (771 bytes)


---------------  P R O C E S S  ---------------

Java Threads: ( => current thread )
  0x0000000056439800 JavaThread "pool-1-thread-4" [_thread_in_vm, id=10188, stack(0x00000000574f0000,0x00000000575f0000)]
  0x00000000563e5800 JavaThread "pool-1-thread-3" [_thread_blocked, id=10184, stack(0x0000000056f80000,0x0000000057080000)]
  0x00000000563e4800 JavaThread "pool-1-thread-2" [_thread_blocked, id=10176, stack(0x0000000057290000,0x0000000057390000)]
  0x00000000563e4000 JavaThread "pool-2-thread-1" [_thread_blocked, id=10168, stack(0x0000000057100000,0x0000000057200000)]
  0x00000000563e2800 JavaThread "pool-1-thread-1" [_thread_blocked, id=10140, stack(0x0000000056780000,0x0000000056880000)]
  0x000000005619e000 JavaThread "Service Thread" daemon [_thread_blocked, id=10020, stack(0x0000000056d40000,0x0000000056e40000)]
  0x0000000054cfe800 JavaThread "C1 CompilerThread2" daemon [_thread_in_native, id=10012, stack(0x0000000056b30000,0x0000000056c30000)]
  0x0000000054cfd000 JavaThread "C2 CompilerThread1" daemon [_thread_in_native, id=10008, stack(0x00000000569d0000,0x0000000056ad0000)]
=>0x0000000056129000 JavaThread "C2 CompilerThread0" daemon [_thread_in_native, id=10000, stack(0x0000000056890000,0x0000000056990000)]
  0x000000005611d000 JavaThread "Attach Listener" daemon [_thread_blocked, id=9992, stack(0x0000000056510000,0x0000000056610000)]
  0x0000000054cfa800 JavaThread "Signal Dispatcher" daemon [_thread_blocked, id=9988, stack(0x0000000056670000,0x0000000056770000)]
  0x0000000054c8e800 JavaThread "Finalizer" daemon [_thread_blocked, id=9928, stack(0x0000000056010000,0x0000000056110000)]
  0x0000000054c89800 JavaThread "Reference Handler" daemon [_thread_blocked, id=9920, stack(0x0000000055e50000,0x0000000055f50000)]
  0x0000000001d8f000 JavaThread "main" [_thread_blocked, id=9864, stack(0x00000000024b0000,0x00000000025b0000)]

Other Threads:
  0x0000000054c86000 VMThread [stack: 0x0000000055c60000,0x0000000055d60000] [id=9896]
  0x00000000561b2000 WatcherThread [stack: 0x0000000056e50000,0x0000000056f50000] [id=10024]

VM state:not at safepoint (normal execution)

VM Mutex/Monitor currently owned by a thread: None

Heap:
 PSYoungGen      total 25088K, used 4938K [0x00000000eab00000, 0x00000000ec700000, 0x0000000100000000)
  eden space 21504K, 12% used [0x00000000eab00000,0x00000000eadaa860,0x00000000ec000000)
  from space 3584K, 61% used [0x00000000ec380000,0x00000000ec5a8000,0x00000000ec700000)
  to   space 3584K, 0% used [0x00000000ec000000,0x00000000ec000000,0x00000000ec380000)
 ParOldGen       total 64000K, used 8076K [0x00000000c0000000, 0x00000000c3e80000, 0x00000000eab00000)
  object space 64000K, 12% used [0x00000000c0000000,0x00000000c07e3148,0x00000000c3e80000)
 Metaspace       used 5833K, capacity 6896K, committed 7040K, reserved 1056768K
  class space    used 588K, capacity 616K, committed 640K, reserved 1048576K

Card table byte_map: [0x0000000011970000,0x0000000011b80000] byte_map_base: 0x0000000011370000

Marking Bits: (ParMarkBitMap*) 0x00000000594c13b0
 Begin Bits: [0x0000000012100000, 0x0000000013100000)
 End Bits:   [0x0000000013100000, 0x0000000014100000)

Polling page: 0x0000000000110000

CodeCache: size=245760Kb used=6465Kb max_used=6465Kb free=239294Kb
 bounds [0x00000000025b0000, 0x0000000002c10000, 0x00000000115b0000]
 total_blobs=1842 nmethods=1576 adapters=180
 compilation: enabled

Compilation events (10 events):
Event: 28.760 Thread 0x0000000054cfe800 nmethod 1656 0x0000000002bd6d50 code [0x0000000002bd6ee0, 0x0000000002bd7398]
Event: 28.769 Thread 0x0000000054cfe800 1658       3       java.util.concurrent.locks.AbstractQueuedSynchronizer$ConditionObject::signal (33 bytes)
Event: 28.770 Thread 0x0000000054cfe800 nmethod 1658 0x0000000002c00dd0 code [0x0000000002c00f60, 0x0000000002c012a8]
Event: 28.770 Thread 0x0000000054cfe800 1659       3       java.util.concurrent.locks.ReentrantLock$Sync::isHeldExclusively (16 bytes)
Event: 28.771 Thread 0x0000000054cfe800 nmethod 1659 0x0000000002c00990 code [0x0000000002c00b00, 0x0000000002c00d50]
Event: 28.776 Thread 0x0000000054cfe800 1660       3       com.android.dx.rop.type.Type::getComponentType (70 bytes)
Event: 28.779 Thread 0x0000000054cfe800 nmethod 1660 0x0000000002bff810 code [0x0000000002bffa20, 0x0000000002c004e8]
Event: 28.840 Thread 0x0000000054cfe800 1666       3       com.android.dx.ssa.back.SsaToRop$PhiVisitor::visitPhiInsn (67 bytes)
Event: 28.846 Thread 0x0000000054cfe800 nmethod 1666 0x0000000002c04490 code [0x0000000002c046e0, 0x0000000002c055c8]
Event: 28.853 Thread 0x0000000054cfe800 1667   !   2       com.android.dx.cf.code.BytecodeArray::parseInstruction (2764 bytes)

GC Heap History (10 events):
Event: 16.310 GC heap before
{Heap before GC invocations=8 (full 0):
 PSYoungGen      total 5632K, used 5600K [0x00000000eab00000, 0x00000000eb700000, 0x0000000100000000)
  eden space 4096K, 100% used [0x00000000eab00000,0x00000000eaf00000,0x00000000eaf00000)
  from space 1536K, 97% used [0x00000000eaf00000,0x00000000eb078018,0x00000000eb080000)
  to   space 2048K, 0% used [0x00000000eb500000,0x00000000eb500000,0x00000000eb700000)
 ParOldGen       total 64000K, used 1942K [0x00000000c0000000, 0x00000000c3e80000, 0x00000000eab00000)
  object space 64000K, 3% used [0x00000000c0000000,0x00000000c01e5898,0x00000000c3e80000)
 Metaspace       used 5564K, capacity 6640K, committed 6784K, reserved 1056768K
  class space    used 587K, capacity 616K, committed 640K, reserved 1048576K
Event: 16.902 GC heap after
Heap after GC invocations=8 (full 0):
 PSYoungGen      total 10240K, used 1712K [0x00000000eab00000, 0x00000000eb700000, 0x0000000100000000)
  eden space 8192K, 0% used [0x00000000eab00000,0x00000000eab00000,0x00000000eb300000)
  from space 2048K, 83% used [0x00000000eb500000,0x00000000eb6ac028,0x00000000eb700000)
  to   space 2048K, 0% used [0x00000000eb300000,0x00000000eb300000,0x00000000eb500000)
 ParOldGen       total 64000K, used 2030K [0x00000000c0000000, 0x00000000c3e80000, 0x00000000eab00000)
  object space 64000K, 3% used [0x00000000c0000000,0x00000000c01fb898,0x00000000c3e80000)
 Metaspace       used 5564K, capacity 6640K, committed 6784K, reserved 1056768K
  class space    used 587K, capacity 616K, committed 640K, reserved 1048576K
}
Event: 20.050 GC heap before
{Heap before GC invocations=9 (full 0):
 PSYoungGen      total 10240K, used 9904K [0x00000000eab00000, 0x00000000eb700000, 0x0000000100000000)
  eden space 8192K, 100% used [0x00000000eab00000,0x00000000eb300000,0x00000000eb300000)
  from space 2048K, 83% used [0x00000000eb500000,0x00000000eb6ac028,0x00000000eb700000)
  to   space 2048K, 0% used [0x00000000eb300000,0x00000000eb300000,0x00000000eb500000)
 ParOldGen       total 64000K, used 2030K [0x00000000c0000000, 0x00000000c3e80000, 0x00000000eab00000)
  object space 64000K, 3% used [0x00000000c0000000,0x00000000c01fb898,0x00000000c3e80000)
 Metaspace       used 5694K, capacity 6768K, committed 7040K, reserved 1056768K
  class space    used 588K, capacity 616K, committed 640K, reserved 1048576K
Event: 20.159 GC heap after
Heap after GC invocations=9 (full 0):
 PSYoungGen      total 10240K, used 2016K [0x00000000eab00000, 0x00000000ebe00000, 0x0000000100000000)
  eden space 8192K, 0% used [0x00000000eab00000,0x00000000eab00000,0x00000000eb300000)
  from space 2048K, 98% used [0x00000000eb300000,0x00000000eb4f8028,0x00000000eb500000)
  to   space 3072K, 0% used [0x00000000ebb00000,0x00000000ebb00000,0x00000000ebe00000)
 ParOldGen       total 64000K, used 3017K [0x00000000c0000000, 0x00000000c3e80000, 0x00000000eab00000)
  object space 64000K, 4% used [0x00000000c0000000,0x00000000c02f25e0,0x00000000c3e80000)
 Metaspace       used 5694K, capacity 6768K, committed 7040K, reserved 1056768K
  class space    used 588K, capacity 616K, committed 640K, reserved 1048576K
}
Event: 21.237 GC heap before
{Heap before GC invocations=10 (full 0):
 PSYoungGen      total 10240K, used 10208K [0x00000000eab00000, 0x00000000ebe00000, 0x0000000100000000)
  eden space 8192K, 100% used [0x00000000eab00000,0x00000000eb300000,0x00000000eb300000)
  from space 2048K, 98% used [0x00000000eb300000,0x00000000eb4f8028,0x00000000eb500000)
  to   space 3072K, 0% used [0x00000000ebb00000,0x00000000ebb00000,0x00000000ebe00000)
 ParOldGen       total 64000K, used 3017K [0x00000000c0000000, 0x00000000c3e80000, 0x00000000eab00000)
  object space 64000K, 4% used [0x00000000c0000000,0x00000000c02f25e0,0x00000000c3e80000)
 Metaspace       used 5743K, capacity 6832K, committed 7040K, reserved 1056768K
  class space    used 588K, capacity 616K, committed 640K, reserved 1048576K
Event: 21.297 GC heap after
Heap after GC invocations=10 (full 0):
 PSYoungGen      total 16384K, used 2272K [0x00000000eab00000, 0x00000000ebe00000, 0x0000000100000000)
  eden space 13312K, 0% used [0x00000000eab00000,0x00000000eab00000,0x00000000eb800000)
  from space 3072K, 73% used [0x00000000ebb00000,0x00000000ebd38010,0x00000000ebe00000)
  to   space 3072K, 0% used [0x00000000eb800000,0x00000000eb800000,0x00000000ebb00000)
 ParOldGen       total 64000K, used 4165K [0x00000000c0000000, 0x00000000c3e80000, 0x00000000eab00000)
  object space 64000K, 6% used [0x00000000c0000000,0x00000000c0411608,0x00000000c3e80000)
 Metaspace       used 5743K, capacity 6832K, committed 7040K, reserved 1056768K
  class space    used 588K, capacity 616K, committed 640K, reserved 1048576K
}
Event: 25.402 GC heap before
{Heap before GC invocations=11 (full 0):
 PSYoungGen      total 16384K, used 15584K [0x00000000eab00000, 0x00000000ebe00000, 0x0000000100000000)
  eden space 13312K, 100% used [0x00000000eab00000,0x00000000eb800000,0x00000000eb800000)
  from space 3072K, 73% used [0x00000000ebb00000,0x00000000ebd38010,0x00000000ebe00000)
  to   space 3072K, 0% used [0x00000000eb800000,0x00000000eb800000,0x00000000ebb00000)
 ParOldGen       total 64000K, used 4165K [0x00000000c0000000, 0x00000000c3e80000, 0x00000000eab00000)
  object space 64000K, 6% used [0x00000000c0000000,0x00000000c0411608,0x00000000c3e80000)
 Metaspace       used 5806K, capacity 6896K, committed 7040K, reserved 1056768K
  class space    used 588K, capacity 616K, committed 640K, reserved 1048576K
Event: 25.475 GC heap after
Heap after GC invocations=11 (full 0):
 PSYoungGen      total 16384K, used 2438K [0x00000000eab00000, 0x00000000ec700000, 0x0000000100000000)
  eden space 13312K, 0% used [0x00000000eab00000,0x00000000eab00000,0x00000000eb800000)
  from space 3072K, 79% used [0x00000000eb800000,0x00000000eba618d0,0x00000000ebb00000)
  to   space 3584K, 0% used [0x00000000ec380000,0x00000000ec380000,0x00000000ec700000)
 ParOldGen       total 64000K, used 5830K [0x00000000c0000000, 0x00000000c3e80000, 0x00000000eab00000)
  object space 64000K, 9% used [0x00000000c0000000,0x00000000c05b18a0,0x00000000c3e80000)
 Metaspace       used 5806K, capacity 6896K, committed 7040K, reserved 1056768K
  class space    used 588K, capacity 616K, committed 640K, reserved 1048576K
}
Event: 27.611 GC heap before
{Heap before GC invocations=12 (full 0):
 PSYoungGen      total 16384K, used 15750K [0x00000000eab00000, 0x00000000ec700000, 0x0000000100000000)
  eden space 13312K, 100% used [0x00000000eab00000,0x00000000eb800000,0x00000000eb800000)
  from space 3072K, 79% used [0x00000000eb800000,0x00000000eba618d0,0x00000000ebb00000)
  to   space 3584K, 0% used [0x00000000ec380000,0x00000000ec380000,0x00000000ec700000)
 ParOldGen       total 64000K, used 5830K [0x00000000c0000000, 0x00000000c3e80000, 0x00000000eab00000)
  object space 64000K, 9% used [0x00000000c0000000,0x00000000c05b18a0,0x00000000c3e80000)
 Metaspace       used 5831K, capacity 6896K, committed 7040K, reserved 1056768K
  class space    used 588K, capacity 616K, committed 640K, reserved 1048576K
Event: 28.730 GC heap after
Heap after GC invocations=12 (full 0):
 PSYoungGen      total 25088K, used 2208K [0x00000000eab00000, 0x00000000ec700000, 0x0000000100000000)
  eden space 21504K, 0% used [0x00000000eab00000,0x00000000eab00000,0x00000000ec000000)
  from space 3584K, 61% used [0x00000000ec380000,0x00000000ec5a8000,0x00000000ec700000)
  to   space 3584K, 0% used [0x00000000ec000000,0x00000000ec000000,0x00000000ec380000)
 ParOldGen       total 64000K, used 8076K [0x00000000c0000000, 0x00000000c3e80000, 0x00000000eab00000)
  object space 64000K, 12% used [0x00000000c0000000,0x00000000c07e3148,0x00000000c3e80000)
 Metaspace       used 5831K, capacity 6896K, committed 7040K, reserved 1056768K
  class space    used 588K, capacity 616K, committed 640K, reserved 1048576K
}

Deoptimization events (10 events):
Event: 21.173 Thread 0x00000000563e5800 Uncommon trap: reason=unreached action=reinterpret pc=0x00000000027d3184 method=com.android.dx.rop.cst.Constant.compareTo(Lcom/android/dx/rop/cst/Constant;)I @ 12
Event: 21.174 Thread 0x00000000563e5800 Uncommon trap: reason=class_check action=maybe_recompile pc=0x0000000002957c64 method=java.util.HashMap.putVal(ILjava/lang/Object;Ljava/lang/Object;ZZ)Ljava/lang/Object; @ 203
Event: 24.712 Thread 0x00000000563e5800 Uncommon trap: reason=bimorphic action=maybe_recompile pc=0x0000000002b22ea8 method=com.android.dx.rop.code.RegisterSpec.withSimpleType()Lcom/android/dx/rop/code/RegisterSpec; @ 21
Event: 24.723 Thread 0x00000000563e5800 Uncommon trap: reason=bimorphic action=maybe_recompile pc=0x0000000002b22ea8 method=com.android.dx.rop.code.RegisterSpec.withSimpleType()Lcom/android/dx/rop/code/RegisterSpec; @ 21
Event: 25.319 Thread 0x00000000563e2800 Uncommon trap: reason=bimorphic action=maybe_recompile pc=0x0000000002b22ea8 method=com.android.dx.rop.code.RegisterSpec.withSimpleType()Lcom/android/dx/rop/code/RegisterSpec; @ 21
Event: 26.363 Thread 0x00000000563e4800 Uncommon trap: reason=bimorphic action=maybe_recompile pc=0x0000000002b22ea8 method=com.android.dx.rop.code.RegisterSpec.withSimpleType()Lcom/android/dx/rop/code/RegisterSpec; @ 21
Event: 28.852 Thread 0x0000000056439800 Uncommon trap: reason=bimorphic action=maybe_recompile pc=0x0000000002a6e900 method=com.android.dx.cf.code.BytecodeArray.parseInstruction(ILcom/android/dx/cf/code/BytecodeArray$Visitor;)I @ 2484
Event: 28.852 Thread 0x0000000056439800 Uncommon trap: reason=bimorphic action=maybe_recompile pc=0x0000000002a6e900 method=com.android.dx.cf.code.BytecodeArray.parseInstruction(ILcom/android/dx/cf/code/BytecodeArray$Visitor;)I @ 2484
Event: 28.852 Thread 0x0000000056439800 Uncommon trap: reason=bimorphic action=maybe_recompile pc=0x0000000002a6e900 method=com.android.dx.cf.code.BytecodeArray.parseInstruction(ILcom/android/dx/cf/code/BytecodeArray$Visitor;)I @ 2484
Event: 28.853 Thread 0x0000000056439800 Uncommon trap: reason=bimorphic action=maybe_recompile pc=0x0000000002a6e900 method=com.android.dx.cf.code.BytecodeArray.parseInstruction(ILcom/android/dx/cf/code/BytecodeArray$Visitor;)I @ 2484

Internal exceptions (10 events):
Event: 10.942 Thread 0x00000000563e2800 Exception <a 'java/security/PrivilegedActionException'> (0x00000000eacd49a0) thrown at [D:\re\workspace\8-2-build-windows-amd64-cygwin\jdk8u5\2488\hotspot\src\share\vm\prims\jvm.cpp, line 1248]
Event: 11.001 Thread 0x00000000563e2800 Exception <a 'java/security/PrivilegedActionException'> (0x00000000ead00840) thrown at [D:\re\workspace\8-2-build-windows-amd64-cygwin\jdk8u5\2488\hotspot\src\share\vm\prims\jvm.cpp, line 1248]
Event: 11.399 Thread 0x0000000056439800 Exception <a 'java/security/PrivilegedActionException'> (0x00000000eae7d010) thrown at [D:\re\workspace\8-2-build-windows-amd64-cygwin\jdk8u5\2488\hotspot\src\share\vm\prims\jvm.cpp, line 1248]
Event: 11.401 Thread 0x0000000056439800 Exception <a 'java/security/PrivilegedActionException'> (0x00000000eae82168) thrown at [D:\re\workspace\8-2-build-windows-amd64-cygwin\jdk8u5\2488\hotspot\src\share\vm\prims\jvm.cpp, line 1248]
Event: 11.403 Thread 0x0000000056439800 Exception <a 'java/security/PrivilegedActionException'> (0x00000000eae87c28) thrown at [D:\re\workspace\8-2-build-windows-amd64-cygwin\jdk8u5\2488\hotspot\src\share\vm\prims\jvm.cpp, line 1248]
Event: 11.405 Thread 0x0000000056439800 Exception <a 'java/security/PrivilegedActionException'> (0x00000000eae93df0) thrown at [D:\re\workspace\8-2-build-windows-amd64-cygwin\jdk8u5\2488\hotspot\src\share\vm\prims\jvm.cpp, line 1248]
Event: 14.743 Thread 0x0000000001d8f000 Implicit null exception at 0x0000000002831737 to 0x0000000002833619
Event: 14.743 Thread 0x0000000001d8f000 Implicit null exception at 0x00000000028913e6 to 0x00000000028932f9
Event: 18.501 Thread 0x00000000563e2800 Exception <a 'java/security/PrivilegedActionException'> (0x00000000eb00a020) thrown at [D:\re\workspace\8-2-build-windows-amd64-cygwin\jdk8u5\2488\hotspot\src\share\vm\prims\jvm.cpp, line 1248]
Event: 24.526 Thread 0x00000000563e5800 Exception <a 'java/security/PrivilegedActionException'> (0x00000000eaf3a8b0) thrown at [D:\re\workspace\8-2-build-windows-amd64-cygwin\jdk8u5\2488\hotspot\src\share\vm\prims\jvm.cpp, line 1248]

Events (10 events):
Event: 28.852 Thread 0x0000000056439800 DEOPT UNPACKING pc=0x00000000025f55af sp=0x00000000575ee988 mode 2
Event: 28.852 Thread 0x0000000056439800 Uncommon trap: trap_request=0xffffffc6 fr.pc=0x0000000002a6e900
Event: 28.852 Thread 0x0000000056439800 DEOPT PACKING pc=0x0000000002a6e900 sp=0x00000000575ee9e0
Event: 28.852 Thread 0x0000000056439800 DEOPT UNPACKING pc=0x00000000025f55af sp=0x00000000575ee988 mode 2
Event: 28.852 Thread 0x0000000056439800 Uncommon trap: trap_request=0xffffffc6 fr.pc=0x0000000002a6e900
Event: 28.852 Thread 0x0000000056439800 DEOPT PACKING pc=0x0000000002a6e900 sp=0x00000000575ee9e0
Event: 28.852 Thread 0x0000000056439800 DEOPT UNPACKING pc=0x00000000025f55af sp=0x00000000575ee988 mode 2
Event: 28.853 Thread 0x0000000056439800 Uncommon trap: trap_request=0xffffffc6 fr.pc=0x0000000002a6e900
Event: 28.853 Thread 0x0000000056439800 DEOPT PACKING pc=0x0000000002a6e900 sp=0x00000000575ee9e0
Event: 28.853 Thread 0x0000000056439800 DEOPT UNPACKING pc=0x00000000025f55af sp=0x00000000575ee988 mode 2


Dynamic libraries:
0x000000013f060000 - 0x000000013f094000 	C:\Program Files\Java\jdk1.8.0_05\bin\java.exe
0x00000000777f0000 - 0x0000000077999000 	C:\Windows\SYSTEM32\ntdll.dll
0x00000000775d0000 - 0x00000000776ef000 	C:\Windows\system32\kernel32.dll
0x000007fefd810000 - 0x000007fefd87c000 	C:\Windows\system32\KERNELBASE.dll
0x000007fefe640000 - 0x000007fefe71b000 	C:\Windows\system32\ADVAPI32.dll
0x000007fefe1a0000 - 0x000007fefe23f000 	C:\Windows\system32\msvcrt.dll
0x000007fefdfe0000 - 0x000007fefdfff000 	C:\Windows\SYSTEM32\sechost.dll
0x000007fefd960000 - 0x000007fefda8d000 	C:\Windows\system32\RPCRT4.dll
0x00000000776f0000 - 0x00000000777ea000 	C:\Windows\system32\USER32.dll
0x000007fefe100000 - 0x000007fefe167000 	C:\Windows\system32\GDI32.dll
0x000007fefdb10000 - 0x000007fefdb1e000 	C:\Windows\system32\LPK.dll
0x000007fefe2a0000 - 0x000007fefe369000 	C:\Windows\system32\USP10.dll
0x000007fefc0d0000 - 0x000007fefc2c4000 	C:\Windows\WinSxS\amd64_microsoft.windows.common-controls_6595b64144ccf1df_6.0.7601.18837_none_fa3b1e3d17594757\COMCTL32.dll
0x000007feff820000 - 0x000007feff891000 	C:\Windows\system32\SHLWAPI.dll
0x000007fefe170000 - 0x000007fefe19e000 	C:\Windows\system32\IMM32.DLL
0x000007fefded0000 - 0x000007fefdfd9000 	C:\Windows\system32\MSCTF.dll
0x0000000059540000 - 0x0000000059612000 	C:\Program Files\Java\jdk1.8.0_05\jre\bin\msvcr100.dll
0x0000000058d10000 - 0x000000005953a000 	C:\Program Files\Java\jdk1.8.0_05\jre\bin\server\jvm.dll
0x000007fefa310000 - 0x000007fefa319000 	C:\Windows\system32\WSOCK32.dll
0x000007fefe250000 - 0x000007fefe29d000 	C:\Windows\system32\WS2_32.dll
0x000007fefe240000 - 0x000007fefe248000 	C:\Windows\system32\NSI.dll
0x000007fef8fc0000 - 0x000007fef8ffb000 	C:\Windows\system32\WINMM.dll
0x00000000779b0000 - 0x00000000779b7000 	C:\Windows\system32\PSAPI.DLL
0x0000000073ad0000 - 0x0000000073adf000 	C:\Program Files\Java\jdk1.8.0_05\jre\bin\verify.dll
0x000000005ca90000 - 0x000000005cab8000 	C:\Program Files\Java\jdk1.8.0_05\jre\bin\java.dll
0x000000005d430000 - 0x000000005d446000 	C:\Program Files\Java\jdk1.8.0_05\jre\bin\zip.dll
0x000007fefe720000 - 0x000007feff4a9000 	C:\Windows\system32\SHELL32.dll
0x000007fefdc00000 - 0x000007fefde03000 	C:\Windows\system32\ole32.dll
0x000007fefd5b0000 - 0x000007fefd5bf000 	C:\Windows\system32\profapi.dll

VM Arguments:
jvm_args: -Xmx1024M -Dfile.encoding=x-windows-949 -Duser.country=KR -Duser.language=ko -Duser.variant 
java_command: com.android.dx.command.Main --dex --num-threads=4 --output C:\Users\Nicole\AndroidStudioProjects\ArrhythmiaDetection\app\build\intermediates\pre-dexed\debug\classes-c4b5ffbe448a7267f59b05788b2492ee21a6707a.jar C:\Users\Nicole\AndroidStudioProjects\ArrhythmiaDetection\app\build\intermediates\exploded-aar\com.facebook.android\facebook-android-sdk\4.1.0\jars\classes.jar
java_class_path (initial): C:\Users\Nicole\AppData\Local\Android\sdk\build-tools\23.0.0_rc2\lib\dx.jar
Launcher Type: SUN_STANDARD

Environment Variables:
JAVA_HOME=C:\Program Files\Java\jdk1.7.0_03
PATH=C:\Program Files\Common Files\Microsoft Shared\Windows Live;C:\Program Files (x86)\Common Files\Microsoft Shared\Windows Live;C:\Windows\system32;C:\Windows;C:\Windows\System32\Wbem;C:\Windows\System32\WindowsPowerShell\v1.0\;C:\Program Files (x86)\Intel\Services\IPT\;c:\Program Files (x86)\Microsoft SQL Server\100\Tools\Binn\;c:\Program Files\Microsoft SQL Server\100\Tools\Binn\;c:\Program Files\Microsoft SQL Server\100\DTS\Binn\;C:\Program Files\Intel\WiFi\bin\;C:\Program Files\Common Files\Intel\WirelessCommon\;I:\matlab\runtime\win64;I:\matlab\bin;C:\Program Files\apache-maven-3.1.0\bin;C:\Program Files (x86)\Windows Live\Shared;C:\Program Files (x86)\PharosSystems\Core;C:\Program Files (x86)\Skype\Phone\;C:\Program Files\Intel\WiFi\bin\;C:\Program Files\Common Files\Intel\WirelessCommon\
USERNAME=Nicole
OS=Windows_NT
PROCESSOR_IDENTIFIER=Intel64 Family 6 Model 42 Stepping 7, GenuineIntel



---------------  S Y S T E M  ---------------

OS: Windows 7 , 64 bit Build 7601 Service Pack 1

CPU:total 4 (2 cores per cpu, 2 threads per core) family 6 model 42 stepping 7, cmov, cx8, fxsr, mmx, sse, sse2, sse3, ssse3, sse4.1, sse4.2, popcnt, avx, aes, clmul, ht, tsc, tscinvbit

Memory: 4k page, physical 4067792k(321880k free), swap 5669352k(3456k free)

vm_info: Java HotSpot(TM) 64-Bit Server VM (25.5-b02) for windows-amd64 JRE (1.8.0_05-b13), built on Mar 18 2014 01:08:39 by "java_re" with MS VC++ 10.0 (VS2010)

time: Wed Jul 08 00:19:01 2015
elapsed time: 28 seconds

